<?xml version="1.0" encoding="UTF-8"?>
<coverage generated="1490446875253" clover="3.2.0">
  <project timestamp="1490446875253" name="All files">
    <metrics statements="2775" coveredstatements="2081" conditionals="1225" coveredconditionals="597" methods="1061" coveredmethods="631" elements="5061" coveredelements="3309" complexity="0" loc="2775" ncloc="2775" packages="85" files="294" classes="294">
      <package name="app">
        <metrics statements="22" coveredstatements="0" conditionals="6" coveredconditionals="0" methods="4" coveredmethods="0"/>
        <file name="App.js" path="/Users/rigel/labs/mobile-apps/app/App.js">
          <metrics statements="22" coveredstatements="0" conditionals="6" coveredconditionals="0" methods="4" coveredmethods="0"/>
          <line num="1" count="0" type="stmt"/>
          <line num="2" count="0" type="stmt"/>
          <line num="3" count="0" type="stmt"/>
          <line num="5" count="0" type="stmt"/>
          <line num="6" count="0" type="stmt"/>
          <line num="7" count="0" type="stmt"/>
          <line num="8" count="0" type="stmt"/>
          <line num="9" count="0" type="stmt"/>
          <line num="10" count="0" type="stmt"/>
          <line num="11" count="0" type="stmt"/>
          <line num="12" count="0" type="stmt"/>
          <line num="13" count="0" type="stmt"/>
          <line num="14" count="0" type="stmt"/>
          <line num="15" count="0" type="stmt"/>
          <line num="16" count="0" type="stmt"/>
          <line num="17" count="0" type="stmt"/>
          <line num="18" count="0" type="stmt"/>
          <line num="19" count="0" type="stmt"/>
          <line num="20" count="0" type="stmt"/>
          <line num="31" count="0" type="stmt"/>
          <line num="32" count="0" type="stmt"/>
          <line num="38" count="0" type="stmt"/>
        </file>
      </package>
      <package name="app.account">
        <metrics statements="81" coveredstatements="36" conditionals="58" coveredconditionals="6" methods="45" coveredmethods="16"/>
        <file name="AccountShell.js" path="/Users/rigel/labs/mobile-apps/app/account/AccountShell.js">
          <metrics statements="36" coveredstatements="0" conditionals="44" coveredconditionals="0" methods="24" coveredmethods="0"/>
          <line num="1" count="0" type="stmt"/>
          <line num="2" count="0" type="stmt"/>
          <line num="3" count="0" type="stmt"/>
          <line num="4" count="0" type="stmt"/>
          <line num="6" count="0" type="stmt"/>
          <line num="7" count="0" type="stmt"/>
          <line num="8" count="0" type="stmt"/>
          <line num="9" count="0" type="stmt"/>
          <line num="10" count="0" type="stmt"/>
          <line num="11" count="0" type="stmt"/>
          <line num="18" count="0" type="stmt"/>
          <line num="19" count="0" type="stmt"/>
          <line num="24" count="0" type="stmt"/>
          <line num="30" count="0" type="stmt"/>
          <line num="31" count="0" type="stmt"/>
          <line num="32" count="0" type="stmt"/>
          <line num="33" count="0" type="stmt"/>
          <line num="34" count="0" type="stmt"/>
          <line num="35" count="0" type="stmt"/>
          <line num="38" count="0" type="stmt"/>
          <line num="44" count="0" type="stmt"/>
          <line num="46" count="0" type="stmt"/>
          <line num="50" count="0" type="stmt"/>
          <line num="53" count="0" type="stmt"/>
          <line num="54" count="0" type="stmt"/>
          <line num="56" count="0" type="stmt"/>
          <line num="58" count="0" type="stmt"/>
          <line num="59" count="0" type="stmt"/>
          <line num="60" count="0" type="stmt"/>
          <line num="64" count="0" type="stmt"/>
          <line num="65" count="0" type="stmt"/>
          <line num="74" count="0" type="stmt"/>
          <line num="77" count="0" type="stmt"/>
          <line num="80" count="0" type="stmt"/>
          <line num="84" count="0" type="stmt"/>
          <line num="92" count="0" type="stmt"/>
        </file>
        <file name="actions.js" path="/Users/rigel/labs/mobile-apps/app/account/actions.js">
          <metrics statements="17" coveredstatements="17" conditionals="0" coveredconditionals="0" methods="8" coveredmethods="8"/>
          <line num="10" count="7" type="stmt"/>
          <line num="11" count="7" type="stmt"/>
          <line num="12" count="7" type="stmt"/>
          <line num="13" count="7" type="stmt"/>
          <line num="14" count="7" type="stmt"/>
          <line num="15" count="7" type="stmt"/>
          <line num="17" count="7" type="stmt"/>
          <line num="23" count="7" type="stmt"/>
          <line num="28" count="7" type="stmt"/>
          <line num="32" count="7" type="stmt"/>
          <line num="42" count="7" type="stmt"/>
          <line num="43" count="4" type="stmt"/>
          <line num="49" count="7" type="stmt"/>
          <line num="53" count="7" type="stmt"/>
          <line num="54" count="2" type="stmt"/>
          <line num="74" count="2" type="stmt"/>
          <line num="83" count="7" type="stmt"/>
        </file>
        <file name="reducer.js" path="/Users/rigel/labs/mobile-apps/app/account/reducer.js">
          <metrics statements="11" coveredstatements="10" conditionals="10" coveredconditionals="6" methods="4" coveredmethods="4"/>
          <line num="12" count="3" type="stmt"/>
          <line num="13" count="20" type="stmt"/>
          <line num="20" count="0" type="stmt"/>
          <line num="24" count="1" type="stmt"/>
          <line num="34" count="1" type="stmt"/>
          <line num="41" count="1" type="stmt"/>
          <line num="45" count="1" type="stmt"/>
          <line num="56" count="16" type="stmt"/>
          <line num="66" count="20" type="stmt"/>
          <line num="68" count="80" type="stmt"/>
          <line num="70" count="100" type="stmt"/>
        </file>
        <file name="shell.config.js" path="/Users/rigel/labs/mobile-apps/app/account/shell.config.js">
          <metrics statements="16" coveredstatements="9" conditionals="0" coveredconditionals="0" methods="8" coveredmethods="4"/>
          <line num="12" count="8" type="stmt"/>
          <line num="30" count="8" type="stmt"/>
          <line num="31" count="32" type="stmt"/>
          <line num="36" count="32" type="stmt"/>
          <line num="40" count="0" type="stmt"/>
          <line num="49" count="8" type="stmt"/>
          <line num="56" count="0" type="stmt"/>
          <line num="64" count="0" type="stmt"/>
          <line num="65" count="0" type="stmt"/>
          <line num="74" count="32" type="stmt"/>
          <line num="84" count="8" type="stmt"/>
          <line num="86" count="20" type="stmt"/>
          <line num="89" count="8" type="stmt"/>
          <line num="92" count="0" type="stmt"/>
          <line num="95" count="0" type="stmt"/>
          <line num="98" count="0" type="stmt"/>
        </file>
        <file name="styles.js" path="/Users/rigel/labs/mobile-apps/app/account/styles.js">
          <metrics statements="1" coveredstatements="0" conditionals="4" coveredconditionals="0" methods="1" coveredmethods="0"/>
          <line num="1" count="0" type="stmt"/>
        </file>
      </package>
      <package name="app.account.Address">
        <metrics statements="12" coveredstatements="0" conditionals="4" coveredconditionals="0" methods="5" coveredmethods="0"/>
        <file name="AddressContainer.js" path="/Users/rigel/labs/mobile-apps/app/account/Address/AddressContainer.js">
          <metrics statements="11" coveredstatements="0" conditionals="4" coveredconditionals="0" methods="5" coveredmethods="0"/>
          <line num="1" count="0" type="stmt"/>
          <line num="2" count="0" type="stmt"/>
          <line num="3" count="0" type="stmt"/>
          <line num="4" count="0" type="stmt"/>
          <line num="6" count="0" type="stmt"/>
          <line num="8" count="0" type="stmt"/>
          <line num="13" count="0" type="stmt"/>
          <line num="14" count="0" type="stmt"/>
          <line num="17" count="0" type="stmt"/>
          <line num="18" count="0" type="stmt"/>
          <line num="25" count="0" type="stmt"/>
        </file>
        <file name="styles.js" path="/Users/rigel/labs/mobile-apps/app/account/Address/styles.js">
          <metrics statements="1" coveredstatements="0" conditionals="0" coveredconditionals="0" methods="0" coveredmethods="0"/>
          <line num="1" count="0" type="stmt"/>
        </file>
      </package>
      <package name="app.account.Address.components">
        <metrics statements="24" coveredstatements="0" conditionals="35" coveredconditionals="0" methods="16" coveredmethods="0"/>
        <file name="AddressForm.js" path="/Users/rigel/labs/mobile-apps/app/account/Address/components/AddressForm.js">
          <metrics statements="24" coveredstatements="0" conditionals="35" coveredconditionals="0" methods="16" coveredmethods="0"/>
          <line num="1" count="0" type="stmt"/>
          <line num="2" count="0" type="stmt"/>
          <line num="3" count="0" type="stmt"/>
          <line num="5" count="0" type="stmt"/>
          <line num="9" count="0" type="stmt"/>
          <line num="10" count="0" type="stmt"/>
          <line num="11" count="0" type="stmt"/>
          <line num="13" count="0" type="stmt"/>
          <line num="23" count="0" type="stmt"/>
          <line num="24" count="0" type="stmt"/>
          <line num="25" count="0" type="stmt"/>
          <line num="39" count="0" type="stmt"/>
          <line num="40" count="0" type="stmt"/>
          <line num="43" count="0" type="stmt"/>
          <line num="44" count="0" type="stmt"/>
          <line num="46" count="0" type="stmt"/>
          <line num="49" count="0" type="stmt"/>
          <line num="52" count="0" type="stmt"/>
          <line num="53" count="0" type="stmt"/>
          <line num="56" count="0" type="stmt"/>
          <line num="57" count="0" type="stmt"/>
          <line num="111" count="0" type="stmt"/>
          <line num="124" count="0" type="stmt"/>
          <line num="129" count="0" type="stmt"/>
        </file>
      </package>
      <package name="app.account.Discounts">
        <metrics statements="46" coveredstatements="30" conditionals="15" coveredconditionals="8" methods="16" coveredmethods="11"/>
        <file name="DiscountsContainer.js" path="/Users/rigel/labs/mobile-apps/app/account/Discounts/DiscountsContainer.js">
          <metrics statements="9" coveredstatements="6" conditionals="4" coveredconditionals="4" methods="6" coveredmethods="3"/>
          <line num="14" count="9" type="stmt"/>
          <line num="15" count="8" type="stmt"/>
          <line num="16" count="8" type="stmt"/>
          <line num="23" count="9" type="stmt"/>
          <line num="24" count="0" type="stmt"/>
          <line num="25" count="0" type="stmt"/>
          <line num="32" count="1" type="stmt"/>
          <line num="34" count="1" type="stmt"/>
          <line num="45" count="0" type="stmt"/>
        </file>
        <file name="actions.js" path="/Users/rigel/labs/mobile-apps/app/account/Discounts/actions.js">
          <metrics statements="14" coveredstatements="14" conditionals="2" coveredconditionals="1" methods="5" coveredmethods="5"/>
          <line num="8" count="10" type="stmt"/>
          <line num="9" count="10" type="stmt"/>
          <line num="10" count="10" type="stmt"/>
          <line num="15" count="10" type="stmt"/>
          <line num="23" count="10" type="stmt"/>
          <line num="24" count="2" type="stmt"/>
          <line num="26" count="2" type="stmt"/>
          <line num="37" count="2" type="stmt"/>
          <line num="46" count="10" type="stmt"/>
          <line num="47" count="2" type="stmt"/>
          <line num="58" count="10" type="stmt"/>
          <line num="59" count="2" type="stmt"/>
          <line num="65" count="10" type="stmt"/>
          <line num="66" count="2" type="stmt"/>
        </file>
        <file name="receipe.js" path="/Users/rigel/labs/mobile-apps/app/account/Discounts/receipe.js">
          <metrics statements="1" coveredstatements="1" conditionals="0" coveredconditionals="0" methods="0" coveredmethods="0"/>
          <line num="11" count="8" type="stmt"/>
        </file>
        <file name="reducer.js" path="/Users/rigel/labs/mobile-apps/app/account/Discounts/reducer.js">
          <metrics statements="5" coveredstatements="5" conditionals="3" coveredconditionals="3" methods="2" coveredmethods="2"/>
          <line num="7" count="9" type="stmt"/>
          <line num="8" count="25" type="stmt"/>
          <line num="15" count="1" type="stmt"/>
          <line num="18" count="24" type="stmt"/>
          <line num="23" count="25" type="stmt"/>
        </file>
        <file name="sagas.js" path="/Users/rigel/labs/mobile-apps/app/account/Discounts/sagas.js">
          <metrics statements="16" coveredstatements="3" conditionals="6" coveredconditionals="0" methods="3" coveredmethods="1"/>
          <line num="18" count="2" type="stmt"/>
          <line num="19" count="0" type="stmt"/>
          <line num="21" count="0" type="stmt"/>
          <line num="22" count="0" type="stmt"/>
          <line num="24" count="0" type="stmt"/>
          <line num="25" count="0" type="stmt"/>
          <line num="28" count="0" type="stmt"/>
          <line num="31" count="2" type="stmt"/>
          <line num="32" count="0" type="stmt"/>
          <line num="33" count="0" type="stmt"/>
          <line num="34" count="0" type="stmt"/>
          <line num="35" count="0" type="stmt"/>
          <line num="37" count="0" type="stmt"/>
          <line num="38" count="0" type="stmt"/>
          <line num="41" count="0" type="stmt"/>
          <line num="46" count="1" type="stmt"/>
        </file>
        <file name="styles.js" path="/Users/rigel/labs/mobile-apps/app/account/Discounts/styles.js">
          <metrics statements="1" coveredstatements="1" conditionals="0" coveredconditionals="0" methods="0" coveredmethods="0"/>
          <line num="7" count="9" type="stmt"/>
        </file>
      </package>
      <package name="app.account.Discounts.components">
        <metrics statements="23" coveredstatements="16" conditionals="6" coveredconditionals="3" methods="10" coveredmethods="7"/>
        <file name="AddDiscount.js" path="/Users/rigel/labs/mobile-apps/app/account/Discounts/components/AddDiscount.js">
          <metrics statements="4" coveredstatements="3" conditionals="0" coveredconditionals="0" methods="2" coveredmethods="1"/>
          <line num="15" count="9" type="stmt"/>
          <line num="16" count="2" type="stmt"/>
          <line num="21" count="0" type="stmt"/>
          <line num="39" count="9" type="stmt"/>
        </file>
        <file name="Discount.js" path="/Users/rigel/labs/mobile-apps/app/account/Discounts/components/Discount.js">
          <metrics statements="12" coveredstatements="6" conditionals="2" coveredconditionals="0" methods="5" coveredmethods="3"/>
          <line num="17" count="9" type="stmt"/>
          <line num="18" count="2" type="stmt"/>
          <line num="20" count="0" type="stmt"/>
          <line num="22" count="0" type="stmt"/>
          <line num="28" count="2" type="stmt"/>
          <line num="30" count="2" type="stmt"/>
          <line num="36" count="0" type="stmt"/>
          <line num="37" count="0" type="stmt"/>
          <line num="38" count="0" type="stmt"/>
          <line num="42" count="2" type="stmt"/>
          <line num="43" count="2" type="stmt"/>
          <line num="50" count="0" type="stmt"/>
        </file>
        <file name="Discounts.js" path="/Users/rigel/labs/mobile-apps/app/account/Discounts/components/Discounts.js">
          <metrics statements="7" coveredstatements="7" conditionals="4" coveredconditionals="3" methods="3" coveredmethods="3"/>
          <line num="11" count="9" type="stmt"/>
          <line num="12" count="2" type="stmt"/>
          <line num="14" count="2" type="stmt"/>
          <line num="15" count="2" type="stmt"/>
          <line num="25" count="9" type="stmt"/>
          <line num="26" count="2" type="stmt"/>
          <line num="35" count="9" type="stmt"/>
        </file>
      </package>
      <package name="app.account.Discounts.state">
        <metrics statements="7" coveredstatements="4" conditionals="0" coveredconditionals="0" methods="2" coveredmethods="0"/>
        <file name="index.js" path="/Users/rigel/labs/mobile-apps/app/account/Discounts/state/index.js">
          <metrics statements="7" coveredstatements="4" conditionals="0" coveredconditionals="0" methods="2" coveredmethods="0"/>
          <line num="4" count="9" type="stmt"/>
          <line num="22" count="9" type="stmt"/>
          <line num="23" count="0" type="stmt"/>
          <line num="24" count="0" type="stmt"/>
          <line num="25" count="0" type="stmt"/>
          <line num="29" count="9" type="stmt"/>
          <line num="31" count="9" type="stmt"/>
        </file>
        <file name="mutators.js" path="/Users/rigel/labs/mobile-apps/app/account/Discounts/state/mutators.js">
          <metrics statements="0" coveredstatements="0" conditionals="0" coveredconditionals="0" methods="0" coveredmethods="0"/>
        </file>
      </package>
      <package name="app.account.Orders">
        <metrics statements="26" coveredstatements="20" conditionals="8" coveredconditionals="8" methods="14" coveredmethods="9"/>
        <file name="OrdersContainer.js" path="/Users/rigel/labs/mobile-apps/app/account/Orders/OrdersContainer.js">
          <metrics statements="13" coveredstatements="7" conditionals="4" coveredconditionals="4" methods="8" coveredmethods="3"/>
          <line num="13" count="9" type="stmt"/>
          <line num="14" count="8" type="stmt"/>
          <line num="15" count="8" type="stmt"/>
          <line num="21" count="9" type="stmt"/>
          <line num="22" count="0" type="stmt"/>
          <line num="23" count="0" type="stmt"/>
          <line num="24" count="0" type="stmt"/>
          <line num="25" count="0" type="stmt"/>
          <line num="28" count="9" type="stmt"/>
          <line num="29" count="0" type="stmt"/>
          <line num="30" count="0" type="stmt"/>
          <line num="33" count="9" type="stmt"/>
          <line num="34" count="1" type="stmt"/>
        </file>
        <file name="actions.js" path="/Users/rigel/labs/mobile-apps/app/account/Orders/actions.js">
          <metrics statements="6" coveredstatements="6" conditionals="0" coveredconditionals="0" methods="4" coveredmethods="4"/>
          <line num="4" count="10" type="stmt"/>
          <line num="5" count="10" type="stmt"/>
          <line num="8" count="10" type="stmt"/>
          <line num="12" count="10" type="stmt"/>
          <line num="17" count="10" type="stmt"/>
          <line num="25" count="10" type="stmt"/>
        </file>
        <file name="receipe.js" path="/Users/rigel/labs/mobile-apps/app/account/Orders/receipe.js">
          <metrics statements="1" coveredstatements="1" conditionals="0" coveredconditionals="0" methods="0" coveredmethods="0"/>
          <line num="11" count="8" type="stmt"/>
        </file>
        <file name="reducer.js" path="/Users/rigel/labs/mobile-apps/app/account/Orders/reducer.js">
          <metrics statements="6" coveredstatements="6" conditionals="4" coveredconditionals="4" methods="2" coveredmethods="2"/>
          <line num="7" count="9" type="stmt"/>
          <line num="8" count="25" type="stmt"/>
          <line num="9" count="1" type="stmt"/>
          <line num="14" count="1" type="stmt"/>
          <line num="19" count="23" type="stmt"/>
          <line num="24" count="25" type="stmt"/>
        </file>
      </package>
      <package name="app.account.Orders.components">
        <metrics statements="7" coveredstatements="5" conditionals="0" coveredconditionals="0" methods="4" coveredmethods="2"/>
        <file name="LastOrders.js" path="/Users/rigel/labs/mobile-apps/app/account/Orders/components/LastOrders.js">
          <metrics statements="5" coveredstatements="3" conditionals="0" coveredconditionals="0" methods="3" coveredmethods="1"/>
          <line num="11" count="9" type="stmt"/>
          <line num="12" count="2" type="stmt"/>
          <line num="13" count="0" type="stmt"/>
          <line num="17" count="0" type="stmt"/>
          <line num="29" count="9" type="stmt"/>
        </file>
        <file name="TopProducts.js" path="/Users/rigel/labs/mobile-apps/app/account/Orders/components/TopProducts.js">
          <metrics statements="2" coveredstatements="2" conditionals="0" coveredconditionals="0" methods="1" coveredmethods="1"/>
          <line num="8" count="9" type="stmt"/>
          <line num="9" count="2" type="stmt"/>
        </file>
        <file name="styles.js" path="/Users/rigel/labs/mobile-apps/app/account/Orders/components/styles.js">
          <metrics statements="0" coveredstatements="0" conditionals="0" coveredconditionals="0" methods="0" coveredmethods="0"/>
        </file>
      </package>
      <package name="app.account.Orders.state">
        <metrics statements="8" coveredstatements="5" conditionals="0" coveredconditionals="0" methods="2" coveredmethods="0"/>
        <file name="index.js" path="/Users/rigel/labs/mobile-apps/app/account/Orders/state/index.js">
          <metrics statements="8" coveredstatements="5" conditionals="0" coveredconditionals="0" methods="2" coveredmethods="0"/>
          <line num="6" count="10" type="stmt"/>
          <line num="20" count="10" type="stmt"/>
          <line num="74" count="10" type="stmt"/>
          <line num="75" count="0" type="stmt"/>
          <line num="76" count="0" type="stmt"/>
          <line num="77" count="0" type="stmt"/>
          <line num="81" count="10" type="stmt"/>
          <line num="83" count="10" type="stmt"/>
        </file>
      </package>
      <package name="app.account.Settings">
        <metrics statements="26" coveredstatements="19" conditionals="9" coveredconditionals="8" methods="13" coveredmethods="6"/>
        <file name="SettingsContainer.js" path="/Users/rigel/labs/mobile-apps/app/account/Settings/SettingsContainer.js">
          <metrics statements="13" coveredstatements="7" conditionals="4" coveredconditionals="4" methods="9" coveredmethods="2"/>
          <line num="14" count="8" type="stmt"/>
          <line num="15" count="8" type="stmt"/>
          <line num="16" count="8" type="stmt"/>
          <line num="24" count="8" type="stmt"/>
          <line num="25" count="0" type="stmt"/>
          <line num="28" count="8" type="stmt"/>
          <line num="30" count="8" type="stmt"/>
          <line num="31" count="0" type="stmt"/>
          <line num="39" count="0" type="stmt"/>
          <line num="44" count="0" type="stmt"/>
          <line num="50" count="0" type="stmt"/>
          <line num="56" count="0" type="stmt"/>
          <line num="62" count="8" type="stmt"/>
        </file>
        <file name="actions.js" path="/Users/rigel/labs/mobile-apps/app/account/Settings/actions.js">
          <metrics statements="5" coveredstatements="5" conditionals="0" coveredconditionals="0" methods="2" coveredmethods="2"/>
          <line num="5" count="8" type="stmt"/>
          <line num="6" count="8" type="stmt"/>
          <line num="7" count="8" type="stmt"/>
          <line num="9" count="8" type="stmt"/>
          <line num="16" count="8" type="stmt"/>
        </file>
        <file name="receipe.js" path="/Users/rigel/labs/mobile-apps/app/account/Settings/receipe.js">
          <metrics statements="1" coveredstatements="1" conditionals="0" coveredconditionals="0" methods="0" coveredmethods="0"/>
          <line num="11" count="8" type="stmt"/>
        </file>
        <file name="reducer.js" path="/Users/rigel/labs/mobile-apps/app/account/Settings/reducer.js">
          <metrics statements="7" coveredstatements="6" conditionals="5" coveredconditionals="4" methods="2" coveredmethods="2"/>
          <line num="8" count="8" type="stmt"/>
          <line num="9" count="24" type="stmt"/>
          <line num="10" count="1" type="stmt"/>
          <line num="16" count="0" type="stmt"/>
          <line num="23" count="2" type="stmt"/>
          <line num="29" count="21" type="stmt"/>
          <line num="34" count="24" type="stmt"/>
        </file>
      </package>
      <package name="app.account.Settings.components">
        <metrics statements="27" coveredstatements="16" conditionals="9" coveredconditionals="4" methods="12" coveredmethods="6"/>
        <file name="Addresses.js" path="/Users/rigel/labs/mobile-apps/app/account/Settings/components/Addresses.js">
          <metrics statements="9" coveredstatements="9" conditionals="5" coveredconditionals="4" methods="4" coveredmethods="4"/>
          <line num="15" count="10" type="stmt"/>
          <line num="16" count="2" type="stmt"/>
          <line num="17" count="2" type="stmt"/>
          <line num="19" count="2" type="stmt"/>
          <line num="22" count="10" type="stmt"/>
          <line num="23" count="1" type="stmt"/>
          <line num="25" count="1" type="stmt"/>
          <line num="59" count="10" type="stmt"/>
          <line num="60" count="2" type="stmt"/>
        </file>
        <file name="Cards.js" path="/Users/rigel/labs/mobile-apps/app/account/Settings/components/Cards.js">
          <metrics statements="3" coveredstatements="3" conditionals="0" coveredconditionals="0" methods="2" coveredmethods="2"/>
          <line num="11" count="10" type="stmt"/>
          <line num="12" count="2" type="stmt"/>
          <line num="14" count="1" type="stmt"/>
        </file>
        <file name="Password.js" path="/Users/rigel/labs/mobile-apps/app/account/Settings/components/Password.js">
          <metrics statements="10" coveredstatements="2" conditionals="4" coveredconditionals="0" methods="3" coveredmethods="0"/>
          <line num="11" count="8" type="stmt"/>
          <line num="12" count="0" type="stmt"/>
          <line num="13" count="0" type="stmt"/>
          <line num="14" count="0" type="stmt"/>
          <line num="16" count="0" type="stmt"/>
          <line num="17" count="0" type="stmt"/>
          <line num="20" count="0" type="stmt"/>
          <line num="23" count="8" type="stmt"/>
          <line num="24" count="0" type="stmt"/>
          <line num="26" count="0" type="stmt"/>
        </file>
        <file name="Personal.js" path="/Users/rigel/labs/mobile-apps/app/account/Settings/components/Personal.js">
          <metrics statements="5" coveredstatements="2" conditionals="0" coveredconditionals="0" methods="3" coveredmethods="0"/>
          <line num="12" count="8" type="stmt"/>
          <line num="13" count="0" type="stmt"/>
          <line num="15" count="0" type="stmt"/>
          <line num="16" count="0" type="stmt"/>
          <line num="42" count="8" type="stmt"/>
        </file>
        <file name="styles.js" path="/Users/rigel/labs/mobile-apps/app/account/Settings/components/styles.js">
          <metrics statements="0" coveredstatements="0" conditionals="0" coveredconditionals="0" methods="0" coveredmethods="0"/>
        </file>
      </package>
      <package name="app.account.Settings.state">
        <metrics statements="7" coveredstatements="5" conditionals="0" coveredconditionals="0" methods="2" coveredmethods="0"/>
        <file name="index.js" path="/Users/rigel/labs/mobile-apps/app/account/Settings/state/index.js">
          <metrics statements="7" coveredstatements="5" conditionals="0" coveredconditionals="0" methods="2" coveredmethods="0"/>
          <line num="3" count="10" type="stmt"/>
          <line num="4" count="0" type="stmt"/>
          <line num="5" count="0" type="stmt"/>
          <line num="9" count="10" type="stmt"/>
          <line num="11" count="10" type="stmt"/>
          <line num="20" count="10" type="stmt"/>
          <line num="28" count="10" type="stmt"/>
        </file>
      </package>
      <package name="app.account.Subscriptions">
        <metrics statements="36" coveredstatements="26" conditionals="10" coveredconditionals="8" methods="16" coveredmethods="9"/>
        <file name="SubscriptionsContainer.js" path="/Users/rigel/labs/mobile-apps/app/account/Subscriptions/SubscriptionsContainer.js">
          <metrics statements="19" coveredstatements="9" conditionals="6" coveredconditionals="4" methods="9" coveredmethods="2"/>
          <line num="17" count="8" type="stmt"/>
          <line num="18" count="8" type="stmt"/>
          <line num="19" count="8" type="stmt"/>
          <line num="24" count="8" type="stmt"/>
          <line num="25" count="0" type="stmt"/>
          <line num="26" count="0" type="stmt"/>
          <line num="27" count="0" type="stmt"/>
          <line num="30" count="8" type="stmt"/>
          <line num="36" count="8" type="stmt"/>
          <line num="37" count="0" type="stmt"/>
          <line num="38" count="0" type="stmt"/>
          <line num="39" count="0" type="stmt"/>
          <line num="43" count="8" type="stmt"/>
          <line num="44" count="0" type="stmt"/>
          <line num="46" count="0" type="stmt"/>
          <line num="52" count="0" type="stmt"/>
          <line num="55" count="8" type="stmt"/>
          <line num="56" count="0" type="stmt"/>
          <line num="70" count="8" type="stmt"/>
        </file>
        <file name="actions.js" path="/Users/rigel/labs/mobile-apps/app/account/Subscriptions/actions.js">
          <metrics statements="10" coveredstatements="10" conditionals="0" coveredconditionals="0" methods="5" coveredmethods="5"/>
          <line num="8" count="9" type="stmt"/>
          <line num="9" count="9" type="stmt"/>
          <line num="10" count="9" type="stmt"/>
          <line num="11" count="9" type="stmt"/>
          <line num="12" count="9" type="stmt"/>
          <line num="14" count="9" type="stmt"/>
          <line num="19" count="9" type="stmt"/>
          <line num="27" count="9" type="stmt"/>
          <line num="32" count="9" type="stmt"/>
          <line num="40" count="9" type="stmt"/>
        </file>
        <file name="receipe.js" path="/Users/rigel/labs/mobile-apps/app/account/Subscriptions/receipe.js">
          <metrics statements="1" coveredstatements="1" conditionals="0" coveredconditionals="0" methods="0" coveredmethods="0"/>
          <line num="10" count="8" type="stmt"/>
        </file>
        <file name="reducer.js" path="/Users/rigel/labs/mobile-apps/app/account/Subscriptions/reducer.js">
          <metrics statements="6" coveredstatements="6" conditionals="4" coveredconditionals="4" methods="2" coveredmethods="2"/>
          <line num="7" count="9" type="stmt"/>
          <line num="8" count="26" type="stmt"/>
          <line num="9" count="1" type="stmt"/>
          <line num="14" count="1" type="stmt"/>
          <line num="19" count="24" type="stmt"/>
          <line num="24" count="26" type="stmt"/>
        </file>
      </package>
      <package name="app.account.Subscriptions.components">
        <metrics statements="36" coveredstatements="16" conditionals="9" coveredconditionals="0" methods="19" coveredmethods="0"/>
        <file name="CheckBoxWithText.js" path="/Users/rigel/labs/mobile-apps/app/account/Subscriptions/components/CheckBoxWithText.js">
          <metrics statements="3" coveredstatements="2" conditionals="0" coveredconditionals="0" methods="2" coveredmethods="0"/>
          <line num="11" count="8" type="stmt"/>
          <line num="12" count="0" type="stmt"/>
          <line num="22" count="8" type="stmt"/>
        </file>
        <file name="Clubs.js" path="/Users/rigel/labs/mobile-apps/app/account/Subscriptions/components/Clubs.js">
          <metrics statements="14" coveredstatements="5" conditionals="5" coveredconditionals="0" methods="7" coveredmethods="0"/>
          <line num="14" count="8" type="stmt"/>
          <line num="15" count="0" type="stmt"/>
          <line num="16" count="0" type="stmt"/>
          <line num="18" count="0" type="stmt"/>
          <line num="21" count="8" type="stmt"/>
          <line num="22" count="0" type="stmt"/>
          <line num="28" count="8" type="stmt"/>
          <line num="29" count="0" type="stmt"/>
          <line num="54" count="0" type="stmt"/>
          <line num="65" count="8" type="stmt"/>
          <line num="66" count="0" type="stmt"/>
          <line num="68" count="0" type="stmt"/>
          <line num="78" count="8" type="stmt"/>
          <line num="79" count="0" type="stmt"/>
        </file>
        <file name="Confirm.js" path="/Users/rigel/labs/mobile-apps/app/account/Subscriptions/components/Confirm.js">
          <metrics statements="2" coveredstatements="1" conditionals="0" coveredconditionals="0" methods="1" coveredmethods="0"/>
          <line num="11" count="8" type="stmt"/>
          <line num="12" count="0" type="stmt"/>
        </file>
        <file name="DeleteAccount.js" path="/Users/rigel/labs/mobile-apps/app/account/Subscriptions/components/DeleteAccount.js">
          <metrics statements="4" coveredstatements="2" conditionals="2" coveredconditionals="0" methods="2" coveredmethods="0"/>
          <line num="8" count="8" type="stmt"/>
          <line num="9" count="0" type="stmt"/>
          <line num="16" count="8" type="stmt"/>
          <line num="17" count="0" type="stmt"/>
        </file>
        <file name="Menu.js" path="/Users/rigel/labs/mobile-apps/app/account/Subscriptions/components/Menu.js">
          <metrics statements="3" coveredstatements="1" conditionals="0" coveredconditionals="0" methods="2" coveredmethods="0"/>
          <line num="10" count="8" type="stmt"/>
          <line num="11" count="0" type="stmt"/>
          <line num="25" count="0" type="stmt"/>
        </file>
        <file name="Newsletters.js" path="/Users/rigel/labs/mobile-apps/app/account/Subscriptions/components/Newsletters.js">
          <metrics statements="4" coveredstatements="2" conditionals="2" coveredconditionals="0" methods="2" coveredmethods="0"/>
          <line num="8" count="8" type="stmt"/>
          <line num="9" count="0" type="stmt"/>
          <line num="16" count="8" type="stmt"/>
          <line num="17" count="0" type="stmt"/>
        </file>
        <file name="PendingOrder.js" path="/Users/rigel/labs/mobile-apps/app/account/Subscriptions/components/PendingOrder.js">
          <metrics statements="6" coveredstatements="3" conditionals="0" coveredconditionals="0" methods="3" coveredmethods="0"/>
          <line num="8" count="8" type="stmt"/>
          <line num="9" count="0" type="stmt"/>
          <line num="14" count="8" type="stmt"/>
          <line num="15" count="0" type="stmt"/>
          <line num="26" count="8" type="stmt"/>
          <line num="27" count="0" type="stmt"/>
        </file>
        <file name="styles.js" path="/Users/rigel/labs/mobile-apps/app/account/Subscriptions/components/styles.js">
          <metrics statements="0" coveredstatements="0" conditionals="0" coveredconditionals="0" methods="0" coveredmethods="0"/>
        </file>
      </package>
      <package name="app.account.Subscriptions.state">
        <metrics statements="12" coveredstatements="8" conditionals="0" coveredconditionals="0" methods="4" coveredmethods="0"/>
        <file name="index.js" path="/Users/rigel/labs/mobile-apps/app/account/Subscriptions/state/index.js">
          <metrics statements="12" coveredstatements="8" conditionals="0" coveredconditionals="0" methods="4" coveredmethods="0"/>
          <line num="3" count="9" type="stmt"/>
          <line num="20" count="9" type="stmt"/>
          <line num="35" count="9" type="stmt"/>
          <line num="36" count="0" type="stmt"/>
          <line num="37" count="0" type="stmt"/>
          <line num="41" count="9" type="stmt"/>
          <line num="42" count="0" type="stmt"/>
          <line num="43" count="0" type="stmt"/>
          <line num="47" count="9" type="stmt"/>
          <line num="49" count="9" type="stmt"/>
          <line num="54" count="9" type="stmt"/>
          <line num="61" count="9" type="stmt"/>
        </file>
      </package>
      <package name="app.account.state">
        <metrics statements="15" coveredstatements="7" conditionals="0" coveredconditionals="0" methods="9" coveredmethods="1"/>
        <file name="index.js" path="/Users/rigel/labs/mobile-apps/app/account/state/index.js">
          <metrics statements="6" coveredstatements="4" conditionals="0" coveredconditionals="0" methods="2" coveredmethods="1"/>
          <line num="6" count="8" type="stmt"/>
          <line num="8" count="8" type="stmt"/>
          <line num="21" count="8" type="stmt"/>
          <line num="22" count="0" type="stmt"/>
          <line num="28" count="0" type="stmt"/>
          <line num="33" count="32" type="stmt"/>
        </file>
        <file name="mutators.js" path="/Users/rigel/labs/mobile-apps/app/account/state/mutators.js">
          <metrics statements="9" coveredstatements="3" conditionals="0" coveredconditionals="0" methods="7" coveredmethods="0"/>
          <line num="4" count="8" type="stmt"/>
          <line num="5" count="0" type="stmt"/>
          <line num="15" count="8" type="stmt"/>
          <line num="17" count="0" type="stmt"/>
          <line num="22" count="0" type="stmt"/>
          <line num="23" count="0" type="stmt"/>
          <line num="26" count="8" type="stmt"/>
          <line num="27" count="0" type="stmt"/>
          <line num="28" count="0" type="stmt"/>
        </file>
      </package>
      <package name="app.api">
        <metrics statements="41" coveredstatements="41" conditionals="20" coveredconditionals="14" methods="12" coveredmethods="12"/>
        <file name="actions.js" path="/Users/rigel/labs/mobile-apps/app/api/actions.js">
          <metrics statements="3" coveredstatements="3" conditionals="0" coveredconditionals="0" methods="0" coveredmethods="0"/>
          <line num="1" count="31" type="stmt"/>
          <line num="2" count="31" type="stmt"/>
          <line num="3" count="31" type="stmt"/>
        </file>
        <file name="request.js" path="/Users/rigel/labs/mobile-apps/app/api/request.js">
          <metrics statements="16" coveredstatements="16" conditionals="8" coveredconditionals="6" methods="4" coveredmethods="4"/>
          <line num="3" count="7" type="stmt"/>
          <line num="4" count="3" type="stmt"/>
          <line num="5" count="3" type="stmt"/>
          <line num="7" count="3" type="stmt"/>
          <line num="10" count="7" type="stmt"/>
          <line num="11" count="7" type="stmt"/>
          <line num="14" count="7" type="stmt"/>
          <line num="15" count="4" type="stmt"/>
          <line num="16" count="4" type="stmt"/>
          <line num="17" count="4" type="stmt"/>
          <line num="20" count="4" type="stmt"/>
          <line num="23" count="4" type="stmt"/>
          <line num="24" count="1" type="stmt"/>
          <line num="27" count="4" type="stmt"/>
          <line num="35" count="2" type="stmt"/>
          <line num="36" count="2" type="stmt"/>
        </file>
        <file name="sagas.js" path="/Users/rigel/labs/mobile-apps/app/api/sagas.js">
          <metrics statements="18" coveredstatements="18" conditionals="12" coveredconditionals="8" methods="6" coveredmethods="6"/>
          <line num="30" count="7" type="stmt"/>
          <line num="45" count="7" type="stmt"/>
          <line num="46" count="3" type="stmt"/>
          <line num="47" count="1" type="stmt"/>
          <line num="60" count="7" type="stmt"/>
          <line num="61" count="3" type="stmt"/>
          <line num="62" count="2" type="stmt"/>
          <line num="65" count="10" type="stmt"/>
          <line num="76" count="7" type="stmt"/>
          <line num="77" count="3" type="stmt"/>
          <line num="78" count="3" type="stmt"/>
          <line num="79" count="2" type="stmt"/>
          <line num="80" count="2" type="stmt"/>
          <line num="81" count="2" type="stmt"/>
          <line num="83" count="2" type="stmt"/>
          <line num="85" count="1" type="stmt"/>
          <line num="90" count="2" type="stmt"/>
          <line num="91" count="2" type="stmt"/>
        </file>
        <file name="vault.js" path="/Users/rigel/labs/mobile-apps/app/api/vault.js">
          <metrics statements="4" coveredstatements="4" conditionals="0" coveredconditionals="0" methods="2" coveredmethods="2"/>
          <line num="1" count="8" type="stmt"/>
          <line num="3" count="11" type="stmt"/>
          <line num="4" count="8" type="stmt"/>
          <line num="5" count="1" type="stmt"/>
        </file>
      </package>
      <package name="app.appshell">
        <metrics statements="48" coveredstatements="46" conditionals="14" coveredconditionals="12" methods="22" coveredmethods="18"/>
        <file name="AppShellContainer.js" path="/Users/rigel/labs/mobile-apps/app/appshell/AppShellContainer.js">
          <metrics statements="12" coveredstatements="11" conditionals="6" coveredconditionals="4" methods="11" coveredmethods="9"/>
          <line num="19" count="1" type="stmt"/>
          <line num="28" count="1" type="stmt"/>
          <line num="29" count="1" type="stmt"/>
          <line num="30" count="1" type="stmt"/>
          <line num="31" count="1" type="stmt"/>
          <line num="32" count="1" type="stmt"/>
          <line num="33" count="1" type="stmt"/>
          <line num="36" count="4" type="stmt"/>
          <line num="55" count="0" type="stmt"/>
          <line num="65" count="4" type="stmt"/>
          <line num="69" count="4" type="stmt"/>
          <line num="88" count="1" type="stmt"/>
        </file>
        <file name="actions.js" path="/Users/rigel/labs/mobile-apps/app/appshell/actions.js">
          <metrics statements="12" coveredstatements="12" conditionals="0" coveredconditionals="0" methods="6" coveredmethods="6"/>
          <line num="1" count="21" type="stmt"/>
          <line num="2" count="21" type="stmt"/>
          <line num="3" count="21" type="stmt"/>
          <line num="4" count="21" type="stmt"/>
          <line num="5" count="21" type="stmt"/>
          <line num="6" count="21" type="stmt"/>
          <line num="8" count="21" type="stmt"/>
          <line num="12" count="21" type="stmt"/>
          <line num="16" count="21" type="stmt"/>
          <line num="21" count="21" type="stmt"/>
          <line num="26" count="21" type="stmt"/>
          <line num="31" count="21" type="stmt"/>
        </file>
        <file name="reducer.js" path="/Users/rigel/labs/mobile-apps/app/appshell/reducer.js">
          <metrics statements="8" coveredstatements="8" conditionals="6" coveredconditionals="6" methods="1" coveredmethods="1"/>
          <line num="12" count="19" type="stmt"/>
          <line num="14" count="1" type="stmt"/>
          <line num="21" count="1" type="stmt"/>
          <line num="23" count="1" type="stmt"/>
          <line num="25" count="1" type="stmt"/>
          <line num="31" count="1" type="stmt"/>
          <line num="36" count="1" type="stmt"/>
          <line num="41" count="15" type="stmt"/>
        </file>
        <file name="sagas.js" path="/Users/rigel/labs/mobile-apps/app/appshell/sagas.js">
          <metrics statements="14" coveredstatements="13" conditionals="2" coveredconditionals="2" methods="4" coveredmethods="2"/>
          <line num="20" count="3" type="stmt"/>
          <line num="21" count="3" type="stmt"/>
          <line num="33" count="3" type="stmt"/>
          <line num="34" count="2" type="stmt"/>
          <line num="35" count="2" type="stmt"/>
          <line num="36" count="2" type="stmt"/>
          <line num="38" count="2" type="stmt"/>
          <line num="39" count="1" type="stmt"/>
          <line num="40" count="1" type="stmt"/>
          <line num="41" count="1" type="stmt"/>
          <line num="44" count="2" type="stmt"/>
          <line num="45" count="1" type="stmt"/>
          <line num="47" count="0" type="stmt"/>
          <line num="52" count="1" type="stmt"/>
        </file>
        <file name="styles.js" path="/Users/rigel/labs/mobile-apps/app/appshell/styles.js">
          <metrics statements="2" coveredstatements="2" conditionals="0" coveredconditionals="0" methods="0" coveredmethods="0"/>
          <line num="4" count="1" type="stmt"/>
          <line num="5" count="1" type="stmt"/>
        </file>
      </package>
      <package name="app.appshell.components">
        <metrics statements="50" coveredstatements="41" conditionals="30" coveredconditionals="20" methods="17" coveredmethods="11"/>
        <file name="Lowerbar.js" path="/Users/rigel/labs/mobile-apps/app/appshell/components/Lowerbar.js">
          <metrics statements="23" coveredstatements="21" conditionals="14" coveredconditionals="12" methods="7" coveredmethods="6"/>
          <line num="13" count="1" type="stmt"/>
          <line num="14" count="1" type="stmt"/>
          <line num="15" count="1" type="stmt"/>
          <line num="16" count="1" type="stmt"/>
          <line num="18" count="4" type="stmt"/>
          <line num="19" count="1" type="stmt"/>
          <line num="26" count="1" type="stmt"/>
          <line num="27" count="27" type="stmt"/>
          <line num="30" count="1" type="stmt"/>
          <line num="31" count="18" type="stmt"/>
          <line num="32" count="13" type="stmt"/>
          <line num="33" count="8" type="stmt"/>
          <line num="34" count="6" type="stmt"/>
          <line num="35" count="5" type="stmt"/>
          <line num="38" count="1" type="stmt"/>
          <line num="39" count="12" type="stmt"/>
          <line num="54" count="1" type="stmt"/>
          <line num="61" count="1" type="stmt"/>
          <line num="62" count="3" type="stmt"/>
          <line num="64" count="12" type="stmt"/>
          <line num="69" count="0" type="stmt"/>
          <line num="70" count="0" type="stmt"/>
          <line num="78" count="1" type="stmt"/>
        </file>
        <file name="Sidebar.js" path="/Users/rigel/labs/mobile-apps/app/appshell/components/Sidebar.js">
          <metrics statements="22" coveredstatements="15" conditionals="4" coveredconditionals="2" methods="10" coveredmethods="5"/>
          <line num="13" count="1" type="stmt"/>
          <line num="19" count="1" type="stmt"/>
          <line num="20" count="5" type="stmt"/>
          <line num="23" count="0" type="stmt"/>
          <line num="30" count="1" type="stmt"/>
          <line num="35" count="1" type="stmt"/>
          <line num="36" count="5" type="stmt"/>
          <line num="38" count="15" type="stmt"/>
          <line num="41" count="0" type="stmt"/>
          <line num="53" count="1" type="stmt"/>
          <line num="57" count="1" type="stmt"/>
          <line num="58" count="5" type="stmt"/>
          <line num="66" count="0" type="stmt"/>
          <line num="69" count="0" type="stmt"/>
          <line num="79" count="1" type="stmt"/>
          <line num="87" count="1" type="stmt"/>
          <line num="88" count="5" type="stmt"/>
          <line num="89" count="0" type="stmt"/>
          <line num="90" count="0" type="stmt"/>
          <line num="91" count="0" type="stmt"/>
          <line num="94" count="5" type="stmt"/>
          <line num="108" count="1" type="stmt"/>
        </file>
        <file name="lowerbarStyles.js" path="/Users/rigel/labs/mobile-apps/app/appshell/components/lowerbarStyles.js">
          <metrics statements="3" coveredstatements="3" conditionals="0" coveredconditionals="0" methods="0" coveredmethods="0"/>
          <line num="3" count="1" type="stmt"/>
          <line num="4" count="1" type="stmt"/>
          <line num="5" count="1" type="stmt"/>
        </file>
        <file name="sidebarStyles.js" path="/Users/rigel/labs/mobile-apps/app/appshell/components/sidebarStyles.js">
          <metrics statements="2" coveredstatements="2" conditionals="12" coveredconditionals="6" methods="0" coveredmethods="0"/>
          <line num="4" count="1" type="stmt"/>
          <line num="6" count="1" type="stmt"/>
        </file>
      </package>
      <package name="app.appshell.state">
        <metrics statements="3" coveredstatements="3" conditionals="0" coveredconditionals="0" methods="0" coveredmethods="0"/>
        <file name="index.js" path="/Users/rigel/labs/mobile-apps/app/appshell/state/index.js">
          <metrics statements="3" coveredstatements="3" conditionals="0" coveredconditionals="0" methods="0" coveredmethods="0"/>
          <line num="3" count="4" type="stmt"/>
          <line num="4" count="4" type="stmt"/>
          <line num="6" count="4" type="stmt"/>
        </file>
      </package>
      <package name="app.auth">
        <metrics statements="86" coveredstatements="51" conditionals="28" coveredconditionals="5" methods="33" coveredmethods="16"/>
        <file name="AuthContainer.js" path="/Users/rigel/labs/mobile-apps/app/auth/AuthContainer.js">
          <metrics statements="19" coveredstatements="0" conditionals="14" coveredconditionals="0" methods="9" coveredmethods="0"/>
          <line num="1" count="0" type="stmt"/>
          <line num="2" count="0" type="stmt"/>
          <line num="3" count="0" type="stmt"/>
          <line num="4" count="0" type="stmt"/>
          <line num="6" count="0" type="stmt"/>
          <line num="7" count="0" type="stmt"/>
          <line num="8" count="0" type="stmt"/>
          <line num="9" count="0" type="stmt"/>
          <line num="10" count="0" type="stmt"/>
          <line num="11" count="0" type="stmt"/>
          <line num="12" count="0" type="stmt"/>
          <line num="17" count="0" type="stmt"/>
          <line num="21" count="0" type="stmt"/>
          <line num="22" count="0" type="stmt"/>
          <line num="23" count="0" type="stmt"/>
          <line num="24" count="0" type="stmt"/>
          <line num="27" count="0" type="stmt"/>
          <line num="35" count="0" type="stmt"/>
          <line num="45" count="0" type="stmt"/>
        </file>
        <file name="RecoveryContainer.js" path="/Users/rigel/labs/mobile-apps/app/auth/RecoveryContainer.js">
          <metrics statements="9" coveredstatements="0" conditionals="4" coveredconditionals="0" methods="4" coveredmethods="0"/>
          <line num="1" count="0" type="stmt"/>
          <line num="2" count="0" type="stmt"/>
          <line num="4" count="0" type="stmt"/>
          <line num="5" count="0" type="stmt"/>
          <line num="6" count="0" type="stmt"/>
          <line num="8" count="0" type="stmt"/>
          <line num="9" count="0" type="stmt"/>
          <line num="12" count="0" type="stmt"/>
          <line num="14" count="0" type="stmt"/>
        </file>
        <file name="actions.js" path="/Users/rigel/labs/mobile-apps/app/auth/actions.js">
          <metrics statements="21" coveredstatements="18" conditionals="1" coveredconditionals="0" methods="14" coveredmethods="11"/>
          <line num="9" count="12" type="stmt"/>
          <line num="10" count="12" type="stmt"/>
          <line num="11" count="12" type="stmt"/>
          <line num="12" count="12" type="stmt"/>
          <line num="13" count="12" type="stmt"/>
          <line num="14" count="12" type="stmt"/>
          <line num="15" count="12" type="stmt"/>
          <line num="20" count="12" type="stmt"/>
          <line num="30" count="12" type="stmt"/>
          <line num="43" count="12" type="stmt"/>
          <line num="52" count="0" type="stmt"/>
          <line num="56" count="12" type="stmt"/>
          <line num="64" count="12" type="stmt"/>
          <line num="70" count="0" type="stmt"/>
          <line num="74" count="12" type="stmt"/>
          <line num="82" count="12" type="stmt"/>
          <line num="93" count="0" type="stmt"/>
          <line num="100" count="12" type="stmt"/>
          <line num="107" count="12" type="stmt"/>
          <line num="111" count="12" type="stmt"/>
          <line num="119" count="12" type="stmt"/>
        </file>
        <file name="reducer.js" path="/Users/rigel/labs/mobile-apps/app/auth/reducer.js">
          <metrics statements="3" coveredstatements="3" conditionals="3" coveredconditionals="3" methods="1" coveredmethods="1"/>
          <line num="5" count="24" type="stmt"/>
          <line num="6" count="1" type="stmt"/>
          <line num="11" count="23" type="stmt"/>
        </file>
        <file name="sagas.js" path="/Users/rigel/labs/mobile-apps/app/auth/sagas.js">
          <metrics statements="33" coveredstatements="29" conditionals="6" coveredconditionals="2" methods="4" coveredmethods="4"/>
          <line num="30" count="3" type="stmt"/>
          <line num="35" count="3" type="stmt"/>
          <line num="36" count="1" type="stmt"/>
          <line num="37" count="1" type="stmt"/>
          <line num="39" count="1" type="stmt"/>
          <line num="40" count="1" type="stmt"/>
          <line num="41" count="1" type="stmt"/>
          <line num="42" count="1" type="stmt"/>
          <line num="48" count="3" type="stmt"/>
          <line num="49" count="1" type="stmt"/>
          <line num="50" count="1" type="stmt"/>
          <line num="51" count="1" type="stmt"/>
          <line num="53" count="0" type="stmt"/>
          <line num="71" count="3" type="stmt"/>
          <line num="72" count="1" type="stmt"/>
          <line num="73" count="1" type="stmt"/>
          <line num="75" count="1" type="stmt"/>
          <line num="76" count="1" type="stmt"/>
          <line num="77" count="1" type="stmt"/>
          <line num="78" count="1" type="stmt"/>
          <line num="81" count="1" type="stmt"/>
          <line num="82" count="1" type="stmt"/>
          <line num="84" count="1" type="stmt"/>
          <line num="89" count="1" type="stmt"/>
          <line num="90" count="1" type="stmt"/>
          <line num="95" count="1" type="stmt"/>
          <line num="96" count="1" type="stmt"/>
          <line num="98" count="0" type="stmt"/>
          <line num="100" count="0" type="stmt"/>
          <line num="101" count="0" type="stmt"/>
          <line num="106" count="1" type="stmt"/>
          <line num="107" count="1" type="stmt"/>
          <line num="108" count="1" type="stmt"/>
        </file>
        <file name="state.js" path="/Users/rigel/labs/mobile-apps/app/auth/state.js">
          <metrics statements="1" coveredstatements="1" conditionals="0" coveredconditionals="0" methods="1" coveredmethods="0"/>
          <line num="7" count="13" type="stmt"/>
        </file>
      </package>
      <package name="app.auth.__test__">
        <metrics statements="9" coveredstatements="9" conditionals="0" coveredconditionals="0" methods="0" coveredmethods="0"/>
        <file name="stubs.js" path="/Users/rigel/labs/mobile-apps/app/auth/__test__/stubs.js">
          <metrics statements="9" coveredstatements="9" conditionals="0" coveredconditionals="0" methods="0" coveredmethods="0"/>
          <line num="1" count="2" type="stmt"/>
          <line num="6" count="2" type="stmt"/>
          <line num="14" count="2" type="stmt"/>
          <line num="18" count="2" type="stmt"/>
          <line num="23" count="2" type="stmt"/>
          <line num="24" count="2" type="stmt"/>
          <line num="25" count="2" type="stmt"/>
          <line num="31" count="2" type="stmt"/>
          <line num="41" count="2" type="stmt"/>
        </file>
      </package>
      <package name="app.auth.components">
        <metrics statements="36" coveredstatements="0" conditionals="30" coveredconditionals="0" methods="16" coveredmethods="0"/>
        <file name="Login.js" path="/Users/rigel/labs/mobile-apps/app/auth/components/Login.js">
          <metrics statements="10" coveredstatements="0" conditionals="4" coveredconditionals="0" methods="4" coveredmethods="0"/>
          <line num="1" count="0" type="stmt"/>
          <line num="2" count="0" type="stmt"/>
          <line num="3" count="0" type="stmt"/>
          <line num="5" count="0" type="stmt"/>
          <line num="10" count="0" type="stmt"/>
          <line num="12" count="0" type="stmt"/>
          <line num="14" count="0" type="stmt"/>
          <line num="20" count="0" type="stmt"/>
          <line num="29" count="0" type="stmt"/>
          <line num="31" count="0" type="stmt"/>
        </file>
        <file name="Recovery.js" path="/Users/rigel/labs/mobile-apps/app/auth/components/Recovery.js">
          <metrics statements="9" coveredstatements="0" conditionals="4" coveredconditionals="0" methods="3" coveredmethods="0"/>
          <line num="1" count="0" type="stmt"/>
          <line num="2" count="0" type="stmt"/>
          <line num="3" count="0" type="stmt"/>
          <line num="5" count="0" type="stmt"/>
          <line num="9" count="0" type="stmt"/>
          <line num="11" count="0" type="stmt"/>
          <line num="15" count="0" type="stmt"/>
          <line num="33" count="0" type="stmt"/>
          <line num="34" count="0" type="stmt"/>
        </file>
        <file name="Register.js" path="/Users/rigel/labs/mobile-apps/app/auth/components/Register.js">
          <metrics statements="16" coveredstatements="0" conditionals="22" coveredconditionals="0" methods="9" coveredmethods="0"/>
          <line num="1" count="0" type="stmt"/>
          <line num="2" count="0" type="stmt"/>
          <line num="3" count="0" type="stmt"/>
          <line num="4" count="0" type="stmt"/>
          <line num="6" count="0" type="stmt"/>
          <line num="13" count="0" type="stmt"/>
          <line num="15" count="0" type="stmt"/>
          <line num="16" count="0" type="stmt"/>
          <line num="18" count="0" type="stmt"/>
          <line num="23" count="0" type="stmt"/>
          <line num="24" count="0" type="stmt"/>
          <line num="25" count="0" type="stmt"/>
          <line num="32" count="0" type="stmt"/>
          <line num="36" count="0" type="stmt"/>
          <line num="53" count="0" type="stmt"/>
          <line num="54" count="0" type="stmt"/>
        </file>
        <file name="styles.js" path="/Users/rigel/labs/mobile-apps/app/auth/components/styles.js">
          <metrics statements="1" coveredstatements="0" conditionals="0" coveredconditionals="0" methods="0" coveredmethods="0"/>
          <line num="1" count="0" type="stmt"/>
        </file>
      </package>
      <package name="app.cart">
        <metrics statements="116" coveredstatements="90" conditionals="61" coveredconditionals="16" methods="49" coveredmethods="30"/>
        <file name="CartContainer.js" path="/Users/rigel/labs/mobile-apps/app/cart/CartContainer.js">
          <metrics statements="22" coveredstatements="0" conditionals="41" coveredconditionals="0" methods="18" coveredmethods="0"/>
          <line num="1" count="0" type="stmt"/>
          <line num="2" count="0" type="stmt"/>
          <line num="3" count="0" type="stmt"/>
          <line num="8" count="0" type="stmt"/>
          <line num="10" count="0" type="stmt"/>
          <line num="11" count="0" type="stmt"/>
          <line num="12" count="0" type="stmt"/>
          <line num="13" count="0" type="stmt"/>
          <line num="14" count="0" type="stmt"/>
          <line num="15" count="0" type="stmt"/>
          <line num="17" count="0" type="stmt"/>
          <line num="19" count="0" type="stmt"/>
          <line num="24" count="0" type="stmt"/>
          <line num="25" count="0" type="stmt"/>
          <line num="26" count="0" type="stmt"/>
          <line num="27" count="0" type="stmt"/>
          <line num="30" count="0" type="stmt"/>
          <line num="32" count="0" type="stmt"/>
          <line num="41" count="0" type="stmt"/>
          <line num="43" count="0" type="stmt"/>
          <line num="55" count="0" type="stmt"/>
          <line num="76" count="0" type="stmt"/>
        </file>
        <file name="actions.js" path="/Users/rigel/labs/mobile-apps/app/cart/actions.js">
          <metrics statements="14" coveredstatements="14" conditionals="1" coveredconditionals="1" methods="7" coveredmethods="7"/>
          <line num="12" count="16" type="stmt"/>
          <line num="13" count="16" type="stmt"/>
          <line num="14" count="16" type="stmt"/>
          <line num="15" count="16" type="stmt"/>
          <line num="16" count="16" type="stmt"/>
          <line num="17" count="16" type="stmt"/>
          <line num="18" count="16" type="stmt"/>
          <line num="21" count="16" type="stmt"/>
          <line num="28" count="16" type="stmt"/>
          <line num="35" count="16" type="stmt"/>
          <line num="42" count="16" type="stmt"/>
          <line num="52" count="16" type="stmt"/>
          <line num="57" count="16" type="stmt"/>
          <line num="62" count="16" type="stmt"/>
        </file>
        <file name="reducer.js" path="/Users/rigel/labs/mobile-apps/app/cart/reducer.js">
          <metrics statements="13" coveredstatements="13" conditionals="5" coveredconditionals="5" methods="5" coveredmethods="5"/>
          <line num="21" count="3" type="stmt"/>
          <line num="22" count="5" type="stmt"/>
          <line num="26" count="8" type="stmt"/>
          <line num="30" count="3" type="stmt"/>
          <line num="32" count="4" type="stmt"/>
          <line num="38" count="20" type="stmt"/>
          <line num="40" count="1" type="stmt"/>
          <line num="41" count="1" type="stmt"/>
          <line num="45" count="1" type="stmt"/>
          <line num="46" count="1" type="stmt"/>
          <line num="48" count="1" type="stmt"/>
          <line num="52" count="1" type="stmt"/>
          <line num="62" count="17" type="stmt"/>
        </file>
        <file name="sagas.js" path="/Users/rigel/labs/mobile-apps/app/cart/sagas.js">
          <metrics statements="44" coveredstatements="43" conditionals="10" coveredconditionals="10" methods="8" coveredmethods="8"/>
          <line num="28" count="4" type="stmt"/>
          <line num="35" count="7" type="stmt"/>
          <line num="50" count="4" type="stmt"/>
          <line num="51" count="3" type="stmt"/>
          <line num="52" count="1" type="stmt"/>
          <line num="53" count="1" type="stmt"/>
          <line num="69" count="4" type="stmt"/>
          <line num="70" count="4" type="stmt"/>
          <line num="71" count="4" type="stmt"/>
          <line num="76" count="3" type="stmt"/>
          <line num="77" count="2" type="stmt"/>
          <line num="78" count="1" type="stmt"/>
          <line num="79" count="1" type="stmt"/>
          <line num="82" count="1" type="stmt"/>
          <line num="83" count="1" type="stmt"/>
          <line num="86" count="1" type="stmt"/>
          <line num="88" count="4" type="stmt"/>
          <line num="104" count="4" type="stmt"/>
          <line num="105" count="1" type="stmt"/>
          <line num="106" count="2" type="stmt"/>
          <line num="107" count="1" type="stmt"/>
          <line num="108" count="1" type="stmt"/>
          <line num="109" count="1" type="stmt"/>
          <line num="111" count="1" type="stmt"/>
          <line num="113" count="1" type="stmt"/>
          <line num="130" count="4" type="stmt"/>
          <line num="131" count="2" type="stmt"/>
          <line num="132" count="4" type="stmt"/>
          <line num="133" count="3" type="stmt"/>
          <line num="134" count="3" type="stmt"/>
          <line num="136" count="3" type="stmt"/>
          <line num="137" count="2" type="stmt"/>
          <line num="138" count="2" type="stmt"/>
          <line num="140" count="2" type="stmt"/>
          <line num="142" count="2" type="stmt"/>
          <line num="145" count="2" type="stmt"/>
          <line num="149" count="4" type="stmt"/>
          <line num="150" count="1" type="stmt"/>
          <line num="151" count="1" type="stmt"/>
          <line num="152" count="1" type="stmt"/>
          <line num="153" count="1" type="stmt"/>
          <line num="155" count="0" type="stmt"/>
          <line num="160" count="2" type="stmt"/>
          <line num="161" count="2" type="stmt"/>
        </file>
        <file name="state.js" path="/Users/rigel/labs/mobile-apps/app/cart/state.js">
          <metrics statements="12" coveredstatements="12" conditionals="0" coveredconditionals="0" methods="7" coveredmethods="7"/>
          <line num="6" count="17" type="stmt"/>
          <line num="8" count="17" type="stmt"/>
          <line num="16" count="17" type="stmt"/>
          <line num="17" count="3" type="stmt"/>
          <line num="18" count="3" type="stmt"/>
          <line num="19" count="3" type="stmt"/>
          <line num="23" count="17" type="stmt"/>
          <line num="24" count="1" type="stmt"/>
          <line num="27" count="1" type="stmt"/>
          <line num="28" count="1" type="stmt"/>
          <line num="29" count="1" type="stmt"/>
          <line num="32" count="1" type="stmt"/>
        </file>
        <file name="styles.js" path="/Users/rigel/labs/mobile-apps/app/cart/styles.js">
          <metrics statements="3" coveredstatements="0" conditionals="4" coveredconditionals="0" methods="1" coveredmethods="0"/>
          <line num="1" count="0" type="stmt"/>
          <line num="3" count="0" type="stmt"/>
          <line num="5" count="0" type="stmt"/>
        </file>
        <file name="vault.js" path="/Users/rigel/labs/mobile-apps/app/cart/vault.js">
          <metrics statements="8" coveredstatements="8" conditionals="0" coveredconditionals="0" methods="3" coveredmethods="3"/>
          <line num="3" count="5" type="stmt"/>
          <line num="5" count="8" type="stmt"/>
          <line num="7" count="5" type="stmt"/>
          <line num="8" count="2" type="stmt"/>
          <line num="9" count="2" type="stmt"/>
          <line num="10" count="2" type="stmt"/>
          <line num="13" count="5" type="stmt"/>
          <line num="14" count="4" type="stmt"/>
        </file>
      </package>
      <package name="app.cart.components">
        <metrics statements="5" coveredstatements="0" conditionals="4" coveredconditionals="0" methods="2" coveredmethods="0"/>
        <file name="CartSummary.js" path="/Users/rigel/labs/mobile-apps/app/cart/components/CartSummary.js">
          <metrics statements="5" coveredstatements="0" conditionals="4" coveredconditionals="0" methods="2" coveredmethods="0"/>
          <line num="1" count="0" type="stmt"/>
          <line num="3" count="0" type="stmt"/>
          <line num="5" count="0" type="stmt"/>
          <line num="6" count="0" type="stmt"/>
          <line num="14" count="0" type="stmt"/>
        </file>
      </package>
      <package name="app.catalog">
        <metrics statements="39" coveredstatements="37" conditionals="20" coveredconditionals="20" methods="18" coveredmethods="17"/>
        <file name="CatalogContainer.js" path="/Users/rigel/labs/mobile-apps/app/catalog/CatalogContainer.js">
          <metrics statements="20" coveredstatements="18" conditionals="6" coveredconditionals="6" methods="12" coveredmethods="11"/>
          <line num="22" count="1" type="stmt"/>
          <line num="23" count="1" type="stmt"/>
          <line num="24" count="1" type="stmt"/>
          <line num="25" count="1" type="stmt"/>
          <line num="26" count="1" type="stmt"/>
          <line num="27" count="1" type="stmt"/>
          <line num="29" count="1" type="stmt"/>
          <line num="42" count="1" type="stmt"/>
          <line num="43" count="1" type="stmt"/>
          <line num="44" count="1" type="stmt"/>
          <line num="45" count="1" type="stmt"/>
          <line num="46" count="1" type="stmt"/>
          <line num="47" count="1" type="stmt"/>
          <line num="50" count="1" type="stmt"/>
          <line num="57" count="4" type="stmt"/>
          <line num="64" count="4" type="stmt"/>
          <line num="66" count="4" type="stmt"/>
          <line num="88" count="0" type="stmt"/>
          <line num="89" count="0" type="stmt"/>
          <line num="106" count="1" type="stmt"/>
        </file>
        <file name="actions.js" path="/Users/rigel/labs/mobile-apps/app/catalog/actions.js">
          <metrics statements="12" coveredstatements="12" conditionals="7" coveredconditionals="7" methods="5" coveredmethods="5"/>
          <line num="4" count="4" type="stmt"/>
          <line num="5" count="4" type="stmt"/>
          <line num="6" count="4" type="stmt"/>
          <line num="7" count="4" type="stmt"/>
          <line num="8" count="4" type="stmt"/>
          <line num="10" count="4" type="stmt"/>
          <line num="11" count="3" type="stmt"/>
          <line num="18" count="3" type="stmt"/>
          <line num="27" count="4" type="stmt"/>
          <line num="33" count="4" type="stmt"/>
          <line num="38" count="4" type="stmt"/>
          <line num="42" count="4" type="stmt"/>
        </file>
        <file name="reducer.js" path="/Users/rigel/labs/mobile-apps/app/catalog/reducer.js">
          <metrics statements="7" coveredstatements="7" conditionals="7" coveredconditionals="7" methods="1" coveredmethods="1"/>
          <line num="9" count="18" type="stmt"/>
          <line num="11" count="1" type="stmt"/>
          <line num="12" count="1" type="stmt"/>
          <line num="14" count="1" type="stmt"/>
          <line num="27" count="1" type="stmt"/>
          <line num="34" count="1" type="stmt"/>
          <line num="41" count="15" type="stmt"/>
        </file>
      </package>
      <package name="app.catalog.__test__">
        <metrics statements="22" coveredstatements="22" conditionals="0" coveredconditionals="0" methods="0" coveredmethods="0"/>
        <file name="stubs.js" path="/Users/rigel/labs/mobile-apps/app/catalog/__test__/stubs.js">
          <metrics statements="22" coveredstatements="22" conditionals="0" coveredconditionals="0" methods="0" coveredmethods="0"/>
          <line num="5" count="2" type="stmt"/>
          <line num="6" count="2" type="stmt"/>
          <line num="7" count="2" type="stmt"/>
          <line num="8" count="2" type="stmt"/>
          <line num="14" count="2" type="stmt"/>
          <line num="21" count="2" type="stmt"/>
          <line num="26" count="2" type="stmt"/>
          <line num="32" count="2" type="stmt"/>
          <line num="44" count="2" type="stmt"/>
          <line num="61" count="2" type="stmt"/>
          <line num="68" count="2" type="stmt"/>
          <line num="76" count="2" type="stmt"/>
          <line num="84" count="2" type="stmt"/>
          <line num="90" count="2" type="stmt"/>
          <line num="96" count="2" type="stmt"/>
          <line num="101" count="2" type="stmt"/>
          <line num="106" count="2" type="stmt"/>
          <line num="111" count="2" type="stmt"/>
          <line num="116" count="2" type="stmt"/>
          <line num="118" count="2" type="stmt"/>
          <line num="136" count="2" type="stmt"/>
          <line num="143" count="2" type="stmt"/>
        </file>
      </package>
      <package name="app.catalog.__test__.fixtures">
        <metrics statements="1" coveredstatements="1" conditionals="0" coveredconditionals="0" methods="1" coveredmethods="1"/>
        <file name="products.js" path="/Users/rigel/labs/mobile-apps/app/catalog/__test__/fixtures/products.js">
          <metrics statements="1" coveredstatements="1" conditionals="0" coveredconditionals="0" methods="1" coveredmethods="1"/>
          <line num="1" count="2" type="stmt"/>
        </file>
      </package>
      <package name="app.catalog.components">
        <metrics statements="43" coveredstatements="39" conditionals="16" coveredconditionals="9" methods="15" coveredmethods="11"/>
        <file name="DeepCategories.js" path="/Users/rigel/labs/mobile-apps/app/catalog/components/DeepCategories.js">
          <metrics statements="9" coveredstatements="8" conditionals="6" coveredconditionals="2" methods="4" coveredmethods="3"/>
          <line num="10" count="1" type="stmt"/>
          <line num="14" count="4" type="stmt"/>
          <line num="16" count="4" type="stmt"/>
          <line num="17" count="4" type="stmt"/>
          <line num="21" count="0" type="stmt"/>
          <line num="27" count="4" type="stmt"/>
          <line num="32" count="4" type="stmt"/>
          <line num="35" count="9" type="stmt"/>
          <line num="55" count="1" type="stmt"/>
        </file>
        <file name="DeepCategoryRow.js" path="/Users/rigel/labs/mobile-apps/app/catalog/components/DeepCategoryRow.js">
          <metrics statements="4" coveredstatements="3" conditionals="0" coveredconditionals="0" methods="2" coveredmethods="1"/>
          <line num="12" count="1" type="stmt"/>
          <line num="13" count="10" type="stmt"/>
          <line num="14" count="0" type="stmt"/>
          <line num="36" count="1" type="stmt"/>
        </file>
        <file name="GridModeToggle.js" path="/Users/rigel/labs/mobile-apps/app/catalog/components/GridModeToggle.js">
          <metrics statements="5" coveredstatements="5" conditionals="4" coveredconditionals="4" methods="1" coveredmethods="1"/>
          <line num="13" count="1" type="stmt"/>
          <line num="14" count="6" type="stmt"/>
          <line num="15" count="6" type="stmt"/>
          <line num="17" count="6" type="stmt"/>
          <line num="38" count="1" type="stmt"/>
        </file>
        <file name="LoadMore.js" path="/Users/rigel/labs/mobile-apps/app/catalog/components/LoadMore.js">
          <metrics statements="20" coveredstatements="18" conditionals="4" coveredconditionals="2" methods="8" coveredmethods="6"/>
          <line num="12" count="1" type="stmt"/>
          <line num="14" count="1" type="stmt"/>
          <line num="15" count="7" type="stmt"/>
          <line num="16" count="1" type="stmt"/>
          <line num="17" count="1" type="stmt"/>
          <line num="24" count="1" type="stmt"/>
          <line num="25" count="6" type="stmt"/>
          <line num="35" count="1" type="stmt"/>
          <line num="43" count="1" type="stmt"/>
          <line num="44" count="1" type="stmt"/>
          <line num="54" count="5" type="stmt"/>
          <line num="56" count="5" type="stmt"/>
          <line num="57" count="5" type="stmt"/>
          <line num="61" count="0" type="stmt"/>
          <line num="65" count="0" type="stmt"/>
          <line num="69" count="5" type="stmt"/>
          <line num="70" count="5" type="stmt"/>
          <line num="72" count="5" type="stmt"/>
          <line num="74" count="5" type="stmt"/>
          <line num="86" count="1" type="stmt"/>
        </file>
        <file name="styles.js" path="/Users/rigel/labs/mobile-apps/app/catalog/components/styles.js">
          <metrics statements="5" coveredstatements="5" conditionals="2" coveredconditionals="1" methods="0" coveredmethods="0"/>
          <line num="9" count="1" type="stmt"/>
          <line num="10" count="1" type="stmt"/>
          <line num="11" count="1" type="stmt"/>
          <line num="12" count="1" type="stmt"/>
          <line num="14" count="1" type="stmt"/>
        </file>
      </package>
      <package name="app.catalog.state">
        <metrics statements="7" coveredstatements="7" conditionals="0" coveredconditionals="0" methods="2" coveredmethods="2"/>
        <file name="index.js" path="/Users/rigel/labs/mobile-apps/app/catalog/state/index.js">
          <metrics statements="7" coveredstatements="7" conditionals="0" coveredconditionals="0" methods="2" coveredmethods="2"/>
          <line num="6" count="5" type="stmt"/>
          <line num="8" count="5" type="stmt"/>
          <line num="10" count="5" type="stmt"/>
          <line num="16" count="5" type="stmt"/>
          <line num="17" count="2" type="stmt"/>
          <line num="18" count="8" type="stmt"/>
          <line num="19" count="8" type="stmt"/>
        </file>
      </package>
      <package name="app.categories">
        <metrics statements="20" coveredstatements="19" conditionals="11" coveredconditionals="6" methods="11" coveredmethods="10"/>
        <file name="CategoriesContainer.js" path="/Users/rigel/labs/mobile-apps/app/categories/CategoriesContainer.js">
          <metrics statements="13" coveredstatements="12" conditionals="8" coveredconditionals="3" methods="8" coveredmethods="7"/>
          <line num="21" count="1" type="stmt"/>
          <line num="26" count="1" type="stmt"/>
          <line num="27" count="1" type="stmt"/>
          <line num="28" count="1" type="stmt"/>
          <line num="31" count="2" type="stmt"/>
          <line num="35" count="1" type="stmt"/>
          <line num="39" count="1" type="stmt"/>
          <line num="40" count="0" type="stmt"/>
          <line num="44" count="1" type="stmt"/>
          <line num="45" count="1" type="stmt"/>
          <line num="46" count="1" type="stmt"/>
          <line num="50" count="1" type="stmt"/>
          <line num="65" count="1" type="stmt"/>
        </file>
        <file name="actions.js" path="/Users/rigel/labs/mobile-apps/app/categories/actions.js">
          <metrics statements="4" coveredstatements="4" conditionals="0" coveredconditionals="0" methods="2" coveredmethods="2"/>
          <line num="4" count="5" type="stmt"/>
          <line num="5" count="5" type="stmt"/>
          <line num="7" count="5" type="stmt"/>
          <line num="14" count="5" type="stmt"/>
        </file>
        <file name="reducer.js" path="/Users/rigel/labs/mobile-apps/app/categories/reducer.js">
          <metrics statements="3" coveredstatements="3" conditionals="3" coveredconditionals="3" methods="1" coveredmethods="1"/>
          <line num="9" count="15" type="stmt"/>
          <line num="11" count="1" type="stmt"/>
          <line num="19" count="14" type="stmt"/>
        </file>
      </package>
      <package name="app.categories.components">
        <metrics statements="20" coveredstatements="19" conditionals="4" coveredconditionals="3" methods="5" coveredmethods="4"/>
        <file name="Category.js" path="/Users/rigel/labs/mobile-apps/app/categories/components/Category.js">
          <metrics statements="10" coveredstatements="9" conditionals="4" coveredconditionals="3" methods="4" coveredmethods="3"/>
          <line num="16" count="2" type="stmt"/>
          <line num="17" count="7" type="stmt"/>
          <line num="19" count="7" type="stmt"/>
          <line num="24" count="2" type="stmt"/>
          <line num="29" count="1" type="stmt"/>
          <line num="30" count="1" type="stmt"/>
          <line num="32" count="1" type="stmt"/>
          <line num="34" count="0" type="stmt"/>
          <line num="53" count="3" type="stmt"/>
          <line num="72" count="2" type="stmt"/>
        </file>
        <file name="CategoryPlaceholder.js" path="/Users/rigel/labs/mobile-apps/app/categories/components/CategoryPlaceholder.js">
          <metrics statements="5" coveredstatements="5" conditionals="0" coveredconditionals="0" methods="1" coveredmethods="1"/>
          <line num="7" count="1" type="stmt"/>
          <line num="9" count="1" type="stmt"/>
          <line num="15" count="1" type="stmt"/>
          <line num="16" count="7" type="stmt"/>
          <line num="29" count="1" type="stmt"/>
        </file>
        <file name="styles.js" path="/Users/rigel/labs/mobile-apps/app/categories/components/styles.js">
          <metrics statements="5" coveredstatements="5" conditionals="0" coveredconditionals="0" methods="0" coveredmethods="0"/>
          <line num="8" count="2" type="stmt"/>
          <line num="9" count="2" type="stmt"/>
          <line num="10" count="2" type="stmt"/>
          <line num="12" count="2" type="stmt"/>
          <line num="17" count="2" type="stmt"/>
        </file>
      </package>
      <package name="app.categories.state">
        <metrics statements="22" coveredstatements="22" conditionals="6" coveredconditionals="6" methods="13" coveredmethods="13"/>
[...]
          <metrics statements="11" coveredstatements="11" conditionals="0" coveredconditionals="0" methods="3" coveredmethods="3"/>
          <line num="24" count="1" type="stmt"/>
          <line num="25" count="1" type="stmt"/>
          <line num="26" count="1" type="stmt"/>
          <line num="31" count="1" type="stmt"/>
          <line num="62" count="1" type="stmt"/>
          <line num="64" count="1" type="stmt"/>
          <line num="66" count="1" type="stmt"/>
          <line num="69" count="1" type="stmt"/>
          <line num="72" count="1" type="stmt"/>
          <line num="74" count="1" type="stmt"/>
          <line num="75" count="1" type="stmt"/>
        </file>
        <file name="reducers.js" path="/Users/rigel/labs/mobile-apps/app/ulabox/store/reducers.js">
          <metrics statements="2" coveredstatements="2" conditionals="1" coveredconditionals="1" methods="1" coveredmethods="1"/>
          <line num="17" count="2" type="stmt"/>
          <line num="18" count="4" type="stmt"/>
        </file>
        <file name="sagas.js" path="/Users/rigel/labs/mobile-apps/app/ulabox/store/sagas.js">
          <metrics statements="11" coveredstatements="11" conditionals="0" coveredconditionals="0" methods="1" coveredmethods="1"/>
          <line num="12" count="2" type="stmt"/>
          <line num="14" count="2" type="stmt"/>
          <line num="15" count="2" type="stmt"/>
          <line num="16" count="2" type="stmt"/>
          <line num="17" count="2" type="stmt"/>
          <line num="18" count="2" type="stmt"/>
          <line num="19" count="2" type="stmt"/>
          <line num="20" count="2" type="stmt"/>
          <line num="21" count="2" type="stmt"/>
          <line num="22" count="2" type="stmt"/>
          <line num="24" count="2" type="stmt"/>
        </file>
        <file name="state.js" path="/Users/rigel/labs/mobile-apps/app/ulabox/store/state.js">
          <metrics statements="3" coveredstatements="3" conditionals="1" coveredconditionals="1" methods="1" coveredmethods="1"/>
          <line num="14" count="2" type="stmt"/>
          <line num="29" count="2" type="stmt"/>
          <line num="30" count="3" type="stmt"/>
        </file>
      </package>
      <package name="app.ulabox.styles">
        <metrics statements="58" coveredstatements="55" conditionals="15" coveredconditionals="6" methods="18" coveredmethods="17"/>
        <file name="colors.js" path="/Users/rigel/labs/mobile-apps/app/ulabox/styles/colors.js">
          <metrics statements="1" coveredstatements="1" conditionals="0" coveredconditionals="0" methods="0" coveredmethods="0"/>
          <line num="1" count="41" type="stmt"/>
        </file>
        <file name="componentsFactory.js" path="/Users/rigel/labs/mobile-apps/app/ulabox/styles/componentsFactory.js">
          <metrics statements="13" coveredstatements="10" conditionals="2" coveredconditionals="0" methods="6" coveredmethods="5"/>
          <line num="4" count="41" type="stmt"/>
          <line num="9" count="41" type="stmt"/>
          <line num="17" count="41" type="stmt"/>
          <line num="22" count="41" type="stmt"/>
          <line num="42" count="41" type="stmt"/>
          <line num="43" count="0" type="stmt"/>
          <line num="44" count="0" type="stmt"/>
          <line num="46" count="0" type="stmt"/>
          <line num="54" count="41" type="stmt"/>
          <line num="55" count="41" type="stmt"/>
          <line num="56" count="41" type="stmt"/>
          <line num="57" count="41" type="stmt"/>
          <line num="59" count="41" type="stmt"/>
        </file>
        <file name="elevation.js" path="/Users/rigel/labs/mobile-apps/app/ulabox/styles/elevation.js">
          <metrics statements="1" coveredstatements="1" conditionals="0" coveredconditionals="0" methods="0" coveredmethods="0"/>
          <line num="1" count="41" type="stmt"/>
        </file>
        <file name="index.js" path="/Users/rigel/labs/mobile-apps/app/ulabox/styles/index.js">
          <metrics statements="4" coveredstatements="4" conditionals="0" coveredconditionals="0" methods="0" coveredmethods="0"/>
          <line num="10" count="41" type="stmt"/>
          <line num="11" count="41" type="stmt"/>
          <line num="12" count="41" type="stmt"/>
          <line num="13" count="41" type="stmt"/>
        </file>
        <file name="layoutFactory.js" path="/Users/rigel/labs/mobile-apps/app/ulabox/styles/layoutFactory.js">
          <metrics statements="4" coveredstatements="4" conditionals="0" coveredconditionals="0" methods="2" coveredmethods="2"/>
          <line num="1" count="41" type="stmt"/>
          <line num="10" count="41" type="stmt"/>
          <line num="11" count="41" type="stmt"/>
          <line num="17" count="41" type="stmt"/>
        </file>
        <file name="mixinsFactory.js" path="/Users/rigel/labs/mobile-apps/app/ulabox/styles/mixinsFactory.js">
          <metrics statements="6" coveredstatements="6" conditionals="1" coveredconditionals="0" methods="4" coveredmethods="4"/>
          <line num="3" count="82" type="stmt"/>
          <line num="13" count="41" type="stmt"/>
          <line num="20" count="41" type="stmt"/>
          <line num="21" count="41" type="stmt"/>
          <line num="27" count="41" type="stmt"/>
          <line num="34" count="41" type="stmt"/>
        </file>
        <file name="sizes.js" path="/Users/rigel/labs/mobile-apps/app/ulabox/styles/sizes.js">
          <metrics statements="1" coveredstatements="1" conditionals="6" coveredconditionals="3" methods="0" coveredmethods="0"/>
          <line num="3" count="41" type="stmt"/>
        </file>
        <file name="sizesHf.js" path="/Users/rigel/labs/mobile-apps/app/ulabox/styles/sizesHf.js">
          <metrics statements="22" coveredstatements="22" conditionals="6" coveredconditionals="3" methods="0" coveredmethods="0"/>
          <line num="9" count="41" type="stmt"/>
          <line num="10" count="41" type="stmt"/>
          <line num="11" count="41" type="stmt"/>
          <line num="12" count="41" type="stmt"/>
          <line num="13" count="41" type="stmt"/>
          <line num="14" count="41" type="stmt"/>
          <line num="15" count="41" type="stmt"/>
          <line num="16" count="41" type="stmt"/>
          <line num="17" count="41" type="stmt"/>
          <line num="18" count="41" type="stmt"/>
          <line num="19" count="41" type="stmt"/>
          <line num="20" count="41" type="stmt"/>
          <line num="21" count="41" type="stmt"/>
          <line num="23" count="41" type="stmt"/>
          <line num="37" count="41" type="stmt"/>
          <line num="51" count="41" type="stmt"/>
          <line num="55" count="41" type="stmt"/>
          <line num="90" count="41" type="stmt"/>
          <line num="102" count="41" type="stmt"/>
          <line num="113" count="41" type="stmt"/>
          <line num="129" count="41" type="stmt"/>
          <line num="140" count="41" type="stmt"/>
        </file>
        <file name="textFactory.js" path="/Users/rigel/labs/mobile-apps/app/ulabox/styles/textFactory.js">
          <metrics statements="6" coveredstatements="6" conditionals="0" coveredconditionals="0" methods="6" coveredmethods="6"/>
          <line num="1" count="41" type="stmt"/>
          <line num="5" count="41" type="stmt"/>
          <line num="9" count="41" type="stmt"/>
          <line num="15" count="41" type="stmt"/>
          <line num="22" count="41" type="stmt"/>
          <line num="27" count="41" type="stmt"/>
        </file>
      </package>
      <package name="app.ulabox.themes">
        <metrics statements="25" coveredstatements="25" conditionals="38" coveredconditionals="19" methods="0" coveredmethods="0"/>
        <file name="default.js" path="/Users/rigel/labs/mobile-apps/app/ulabox/themes/default.js">
          <metrics statements="25" coveredstatements="25" conditionals="38" coveredconditionals="19" methods="0" coveredmethods="0"/>
          <line num="17" count="5" type="stmt"/>
          <line num="20" count="5" type="stmt"/>
          <line num="23" count="5" type="stmt"/>
          <line num="26" count="5" type="stmt"/>
          <line num="29" count="5" type="stmt"/>
          <line num="32" count="5" type="stmt"/>
          <line num="35" count="5" type="stmt"/>
          <line num="38" count="5" type="stmt"/>
          <line num="41" count="5" type="stmt"/>
          <line num="44" count="5" type="stmt"/>
          <line num="47" count="15" type="stmt"/>
          <line num="50" count="5" type="stmt"/>
          <line num="53" count="5" type="stmt"/>
          <line num="56" count="5" type="stmt"/>
          <line num="62" count="5" type="stmt"/>
          <line num="65" count="5" type="stmt"/>
          <line num="89" count="5" type="stmt"/>
          <line num="92" count="5" type="stmt"/>
          <line num="95" count="5" type="stmt"/>
          <line num="126" count="5" type="stmt"/>
          <line num="141" count="5" type="stmt"/>
          <line num="144" count="5" type="stmt"/>
          <line num="152" count="5" type="stmt"/>
          <line num="180" count="5" type="stmt"/>
          <line num="207" count="5" type="stmt"/>
        </file>
      </package>
      <package name="app.upperbar">
        <metrics statements="32" coveredstatements="29" conditionals="7" coveredconditionals="5" methods="17" coveredmethods="15"/>
        <file name="UpperbarContainer.js" path="/Users/rigel/labs/mobile-apps/app/upperbar/UpperbarContainer.js">
          <metrics statements="21" coveredstatements="18" conditionals="2" coveredconditionals="0" methods="13" coveredmethods="11"/>
          <line num="11" count="17" type="stmt"/>
          <line num="12" count="17" type="stmt"/>
          <line num="14" count="17" type="stmt"/>
          <line num="20" count="17" type="stmt"/>
          <line num="21" count="1" type="stmt"/>
          <line num="22" count="1" type="stmt"/>
          <line num="23" count="1" type="stmt"/>
          <line num="24" count="1" type="stmt"/>
          <line num="25" count="1" type="stmt"/>
          <line num="30" count="14" type="stmt"/>
          <line num="31" count="14" type="stmt"/>
          <line num="37" count="0" type="stmt"/>
          <line num="38" count="0" type="stmt"/>
          <line num="43" count="0" type="stmt"/>
          <line num="47" count="28" type="stmt"/>
          <line num="51" count="14" type="stmt"/>
          <line num="52" count="14" type="stmt"/>
          <line num="60" count="14" type="stmt"/>
          <line num="68" count="17" type="stmt"/>
          <line num="79" count="17" type="stmt"/>
          <line num="85" count="17" type="stmt"/>
        </file>
        <file name="index.js" path="/Users/rigel/labs/mobile-apps/app/upperbar/index.js">
          <metrics statements="0" coveredstatements="0" conditionals="0" coveredconditionals="0" methods="0" coveredmethods="0"/>
        </file>
        <file name="receipes.js" path="/Users/rigel/labs/mobile-apps/app/upperbar/receipes.js">
          <metrics statements="7" coveredstatements="7" conditionals="0" coveredconditionals="0" methods="2" coveredmethods="2"/>
          <line num="11" count="17" type="stmt"/>
          <line num="22" count="17" type="stmt"/>
          <line num="23" count="9" type="stmt"/>
          <line num="31" count="17" type="stmt"/>
          <line num="33" count="17" type="stmt"/>
          <line num="34" count="3" type="stmt"/>
          <line num="40" count="17" type="stmt"/>
        </file>
        <file name="reducer.js" path="/Users/rigel/labs/mobile-apps/app/upperbar/reducer.js">
          <metrics statements="4" coveredstatements="4" conditionals="5" coveredconditionals="5" methods="2" coveredmethods="2"/>
          <line num="8" count="15" type="stmt"/>
          <line num="10" count="2" type="stmt"/>
          <line num="14" count="1" type="stmt"/>
          <line num="18" count="13" type="stmt"/>
        </file>
        <file name="state.js" path="/Users/rigel/labs/mobile-apps/app/upperbar/state.js">
          <metrics statements="0" coveredstatements="0" conditionals="0" coveredconditionals="0" methods="0" coveredmethods="0"/>
        </file>
      </package>
      <package name="app.upperbar.components">
        <metrics statements="95" coveredstatements="85" conditionals="54" coveredconditionals="43" methods="28" coveredmethods="19"/>
        <file name="Action.js" path="/Users/rigel/labs/mobile-apps/app/upperbar/components/Action.js">
          <metrics statements="6" coveredstatements="6" conditionals="2" coveredconditionals="2" methods="2" coveredmethods="2"/>
          <line num="13" count="28" type="stmt"/>
          <line num="15" count="20" type="stmt"/>
          <line num="16" count="51" type="stmt"/>
          <line num="18" count="51" type="stmt"/>
          <line num="38" count="20" type="stmt"/>
          <line num="48" count="20" type="stmt"/>
        </file>
        <file name="Cart.js" path="/Users/rigel/labs/mobile-apps/app/upperbar/components/Cart.js">
          <metrics statements="5" coveredstatements="4" conditionals="2" coveredconditionals="2" methods="2" coveredmethods="1"/>
          <line num="7" count="17" type="stmt"/>
          <line num="8" count="11" type="stmt"/>
          <line num="11" count="0" type="stmt"/>
          <line num="22" count="17" type="stmt"/>
          <line num="29" count="17" type="stmt"/>
        </file>
        <file name="Confirm.js" path="/Users/rigel/labs/mobile-apps/app/upperbar/components/Confirm.js">
          <metrics statements="8" coveredstatements="7" conditionals="4" coveredconditionals="2" methods="3" coveredmethods="2"/>
          <line num="8" count="17" type="stmt"/>
          <line num="9" count="1" type="stmt"/>
          <line num="10" count="1" type="stmt"/>
          <line num="13" count="17" type="stmt"/>
          <line num="14" count="1" type="stmt"/>
          <line num="17" count="0" type="stmt"/>
          <line num="22" count="17" type="stmt"/>
          <line num="31" count="17" type="stmt"/>
        </file>
        <file name="Header.js" path="/Users/rigel/labs/mobile-apps/app/upperbar/components/Header.js">
          <metrics statements="22" coveredstatements="21" conditionals="17" coveredconditionals="14" methods="8" coveredmethods="7"/>
          <line num="15" count="21" type="stmt"/>
          <line num="16" count="61" type="stmt"/>
          <line num="19" count="18" type="stmt"/>
          <line num="20" count="12" type="stmt"/>
          <line num="23" count="0" type="stmt"/>
          <line num="30" count="33" type="stmt"/>
          <line num="32" count="18" type="stmt"/>
          <line num="33" count="24" type="stmt"/>
          <line num="34" count="24" type="stmt"/>
          <line num="35" count="24" type="stmt"/>
          <line num="37" count="24" type="stmt"/>
          <line num="38" count="13" type="stmt"/>
          <line num="39" count="10" type="stmt"/>
          <line num="40" count="3" type="stmt"/>
          <line num="43" count="18" type="stmt"/>
          <line num="44" count="19" type="stmt"/>
          <line num="45" count="19" type="stmt"/>
          <line num="48" count="19" type="stmt"/>
          <line num="49" count="19" type="stmt"/>
          <line num="53" count="19" type="stmt"/>
          <line num="63" count="18" type="stmt"/>
          <line num="71" count="18" type="stmt"/>
        </file>
        <file name="Navigation.android.js" path="/Users/rigel/labs/mobile-apps/app/upperbar/components/Navigation.android.js">
          <metrics statements="14" coveredstatements="13" conditionals="12" coveredconditionals="12" methods="3" coveredmethods="2"/>
          <line num="14" count="1" type="stmt"/>
          <line num="15" count="4" type="stmt"/>
          <line num="16" count="4" type="stmt"/>
          <line num="18" count="4" type="stmt"/>
          <line num="19" count="3" type="stmt"/>
          <line num="21" count="1" type="stmt"/>
          <line num="22" count="0" type="stmt"/>
          <line num="33" count="1" type="stmt"/>
          <line num="34" count="5" type="stmt"/>
          <line num="35" count="4" type="stmt"/>
          <line num="36" count="4" type="stmt"/>
          <line num="43" count="1" type="stmt"/>
          <line num="50" count="1" type="stmt"/>
          <line num="62" count="1" type="stmt"/>
        </file>
        <file name="Navigation.ios.js" path="/Users/rigel/labs/mobile-apps/app/upperbar/components/Navigation.ios.js">
          <metrics statements="8" coveredstatements="8" conditionals="11" coveredconditionals="8" methods="1" coveredmethods="1"/>
          <line num="8" count="18" type="stmt"/>
          <line num="9" count="19" type="stmt"/>
          <line num="10" count="19" type="stmt"/>
          <line num="11" count="19" type="stmt"/>
          <line num="13" count="19" type="stmt"/>
          <line num="15" count="1" type="stmt"/>
          <line num="23" count="18" type="stmt"/>
          <line num="39" count="18" type="stmt"/>
        </file>
        <file name="Overflow.js" path="/Users/rigel/labs/mobile-apps/app/upperbar/components/Overflow.js">
          <metrics statements="8" coveredstatements="5" conditionals="0" coveredconditionals="0" methods="5" coveredmethods="2"/>
          <line num="8" count="17" type="stmt"/>
          <line num="9" count="0" type="stmt"/>
          <line num="10" count="0" type="stmt"/>
          <line num="13" count="17" type="stmt"/>
          <line num="14" count="1" type="stmt"/>
          <line num="15" count="1" type="stmt"/>
          <line num="21" count="0" type="stmt"/>
          <line num="24" count="1" type="stmt"/>
        </file>
        <file name="OverflowItem.js" path="/Users/rigel/labs/mobile-apps/app/upperbar/components/OverflowItem.js">
          <metrics statements="3" coveredstatements="2" conditionals="0" coveredconditionals="0" methods="1" coveredmethods="0"/>
          <line num="4" count="1" type="stmt"/>
          <line num="5" count="0" type="stmt"/>
          <line num="8" count="1" type="stmt"/>
        </file>
        <file name="Search.js" path="/Users/rigel/labs/mobile-apps/app/upperbar/components/Search.js">
          <metrics statements="6" coveredstatements="4" conditionals="0" coveredconditionals="0" methods="2" coveredmethods="1"/>
          <line num="5" count="17" type="stmt"/>
          <line num="6" count="1" type="stmt"/>
          <line num="9" count="0" type="stmt"/>
          <line num="10" count="0" type="stmt"/>
          <line num="16" count="17" type="stmt"/>
          <line num="23" count="17" type="stmt"/>
        </file>
        <file name="Title.js" path="/Users/rigel/labs/mobile-apps/app/upperbar/components/Title.js">
          <metrics statements="7" coveredstatements="7" conditionals="2" coveredconditionals="1" methods="1" coveredmethods="1"/>
          <line num="7" count="18" type="stmt"/>
          <line num="8" count="21" type="stmt"/>
          <line num="9" count="21" type="stmt"/>
          <line num="10" count="21" type="stmt"/>
          <line num="16" count="21" type="stmt"/>
          <line num="21" count="18" type="stmt"/>
          <line num="30" count="18" type="stmt"/>
        </file>
        <file name="styles.js" path="/Users/rigel/labs/mobile-apps/app/upperbar/components/styles.js">
          <metrics statements="8" coveredstatements="8" conditionals="4" coveredconditionals="2" methods="0" coveredmethods="0"/>
          <line num="6" count="20" type="stmt"/>
          <line num="7" count="20" type="stmt"/>
          <line num="8" count="20" type="stmt"/>
          <line num="9" count="20" type="stmt"/>
          <line num="10" count="20" type="stmt"/>
          <line num="11" count="20" type="stmt"/>
          <line num="12" count="20" type="stmt"/>
          <line num="13" count="20" type="stmt"/>
        </file>
      </package>
    </metrics>
  </project>
</coverage>
