<?xml version="1.0" ?>
<!DOCTYPE coverage SYSTEM "http://cobertura.sourceforge.net/xml/coverage-04.dtd">
<coverage lines-valid="28"  lines-covered="23"  line-rate="0.8214"  branches-valid="4"  branches-covered="2"  branch-rate="0.5"  timestamp="1446898983836" complexity="0" version="0.1">
<sources>
  <source>/Users/santa-dolores/Copy/pulse</source>
</sources>
<packages>
  <package name="twttr"  line-rate="0.8214"  branch-rate="0.5" >
  <classes>
    <class name="getTrendingTopics.js"  filename="twttr/getTrendingTopics.js"  line-rate="1"  branch-rate="0.5" >
    <methods>
    </methods>
    <lines>
      <line number="11"  hits="1"  branch="false" />
      <line number="12"  hits="1"  branch="false" />
      <line number="13"  hits="1"  branch="false" />
      <line number="14"  hits="1"  branch="true"  condition-coverage="50% (1/2)" />
      <line number="15"  hits="1"  branch="false" />
      <line number="16"  hits="10"  branch="false" />
      <line number="17"  hits="1"  branch="false" />
      <line number="22"  hits="1"  branch="false" />
    </lines>
    </class>
    <class name="index.js"  filename="twttr/index.js"  line-rate="1"  branch-rate="1" >
    <methods>
    </methods>
    <lines>
      <line number="21"  hits="1"  branch="false" />
      <line number="23"  hits="1"  branch="false" />
      <line number="24"  hits="1"  branch="false" />
      <line number="25"  hits="1"  branch="false" />
      <line number="26"  hits="1"  branch="false" />
    </lines>
    </class>
    <class name="openStream.js"  filename="twttr/openStream.js"  line-rate="0.16670000000000001"  branch-rate="1" >
    <methods>
    </methods>
    <lines>
      <line number="1"  hits="1"  branch="false" />
      <line number="2"  hits="0"  branch="false" />
      <line number="3"  hits="0"  branch="false" />
      <line number="4"  hits="0"  branch="false" />
      <line number="6"  hits="0"  branch="false" />
      <line number="7"  hits="0"  branch="false" />
    </lines>
    </class>
    <class name="searchTopic.js"  filename="twttr/searchTopic.js"  line-rate="1"  branch-rate="0.5" >
    <methods>
    </methods>
    <lines>
      <line number="17"  hits="1"  branch="false" />
      <line number="18"  hits="1"  branch="false" />
      <line number="19"  hits="1"  branch="false" />
      <line number="20"  hits="1"  branch="true"  condition-coverage="50% (1/2)" />
      <line number="21"  hits="1"  branch="false" />
      <line number="26"  hits="1"  branch="false" />
    </lines>
    </class>
    <class name="transformTweets.js"  filename="twttr/transformTweets.js"  line-rate="1"  branch-rate="1" >
    <methods>
    </methods>
    <lines>
      <line number="12"  hits="1"  branch="false" />
      <line number="13"  hits="15"  branch="false" />
      <line number="23"  hits="1"  branch="false" />
    </lines>
    </class>
  </classes>
  </package>
</packages>
</coverage>
